===2018-04-08 09:32:00.911 INFO  com.zaxxer.hikari.HikariDataSource Line:381 - HikariPool-1 - Shutdown initiated...
===2018-04-08 09:32:00.925 INFO  com.zaxxer.hikari.HikariDataSource Line:383 - HikariPool-1 - Shutdown completed.
===2018-04-08 09:35:10.468 INFO  com.fans.farm.FarmApplication Line:50  - Starting FarmApplication on fanfuqiangdeMacBook-Air.local with PID 27310 (/Users/fanfuqiang/work/ServerProjects/farm/target/classes started by fanfuqiang in /Users/fanfuqiang/work/ServerProjects/farm)
===2018-04-08 09:35:10.479 INFO  com.fans.farm.FarmApplication Line:652 - No active profile set, falling back to default profiles: default
===2018-04-08 09:35:15.425 INFO  org.apache.coyote.http11.Http11NioProtocol Line:180 - Initializing ProtocolHandler ["http-nio-8888"]
===2018-04-08 09:35:15.450 INFO  org.apache.catalina.core.StandardService Line:180 - Starting service [Tomcat]
===2018-04-08 09:35:15.451 INFO  org.apache.catalina.core.StandardEngine Line:180 - Starting Servlet Engine: Apache Tomcat/8.5.28
===2018-04-08 09:35:15.462 INFO  org.apache.catalina.core.AprLifecycleListener Line:180 - The APR based Apache Tomcat Native library which allows optimal performance in production environments was not found on the java.library.path: [/Users/fanfuqiang/Library/Java/Extensions:/Library/Java/Extensions:/Network/Library/Java/Extensions:/System/Library/Java/Extensions:/usr/lib/java:.]
===2018-04-08 09:35:15.747 INFO  org.apache.catalina.core.ContainerBase.[Tomcat].[localhost].[/] Line:180 - Initializing Spring embedded WebApplicationContext
===2018-04-08 09:35:20.274 INFO  springfox.documentation.spring.web.plugins.DocumentationPluginsBootstrapper Line:80  - Context refreshed
===2018-04-08 09:35:20.349 INFO  springfox.documentation.spring.web.plugins.DocumentationPluginsBootstrapper Line:83  - Found {0} custom documentation plugin(s)
===2018-04-08 09:35:20.368 INFO  springfox.documentation.spring.web.scanners.ApiListingReferenceScanner Line:53  - Scanning for api listing references
===2018-04-08 09:35:20.385 INFO  springfox.documentation.swagger.web.ClassOrApiAnnotationResourceGrouping Line:100 - Group for method accountLogin was 帐号相关接口
===2018-04-08 09:35:20.390 INFO  springfox.documentation.spring.web.scanners.ApiListingReferenceScanner Line:72  - Request mapping: accountLogin belongs to groups: [[ResourceGroup{groupName='帐号相关接口', position=0, controller=com.fans.farm.controller.AccountController}]] 
===2018-04-08 09:35:20.392 INFO  springfox.documentation.swagger.web.ClassOrApiAnnotationResourceGrouping Line:100 - Group for method accountRegister was 帐号相关接口
===2018-04-08 09:35:20.393 INFO  springfox.documentation.spring.web.scanners.ApiListingReferenceScanner Line:72  - Request mapping: accountRegister belongs to groups: [[ResourceGroup{groupName='帐号相关接口', position=0, controller=com.fans.farm.controller.AccountController}]] 
===2018-04-08 09:35:20.394 INFO  springfox.documentation.swagger.web.ClassOrApiAnnotationResourceGrouping Line:100 - Group for method findAccount was 帐号相关接口
===2018-04-08 09:35:20.395 INFO  springfox.documentation.spring.web.scanners.ApiListingReferenceScanner Line:72  - Request mapping: findAccount belongs to groups: [[ResourceGroup{groupName='帐号相关接口', position=0, controller=com.fans.farm.controller.AccountController}]] 
===2018-04-08 09:35:20.396 INFO  springfox.documentation.swagger.web.ClassOrApiAnnotationResourceGrouping Line:100 - Group for method addProduct was 产品管理接口
===2018-04-08 09:35:20.396 INFO  springfox.documentation.spring.web.scanners.ApiListingReferenceScanner Line:72  - Request mapping: addProduct belongs to groups: [[ResourceGroup{groupName='产品管理接口', position=0, controller=com.fans.farm.controller.ProductController}]] 
===2018-04-08 09:35:20.397 INFO  springfox.documentation.swagger.web.ClassOrApiAnnotationResourceGrouping Line:100 - Group for method deleteProduct was 产品管理接口
===2018-04-08 09:35:20.397 INFO  springfox.documentation.spring.web.scanners.ApiListingReferenceScanner Line:72  - Request mapping: deleteProduct belongs to groups: [[ResourceGroup{groupName='产品管理接口', position=0, controller=com.fans.farm.controller.ProductController}]] 
===2018-04-08 09:35:20.398 INFO  springfox.documentation.swagger.web.ClassOrApiAnnotationResourceGrouping Line:100 - Group for method getProductList was 产品管理接口
===2018-04-08 09:35:20.399 INFO  springfox.documentation.spring.web.scanners.ApiListingReferenceScanner Line:72  - Request mapping: getProductList belongs to groups: [[ResourceGroup{groupName='产品管理接口', position=0, controller=com.fans.farm.controller.ProductController}]] 
===2018-04-08 09:35:20.408 INFO  springfox.documentation.spring.web.scanners.ApiListingReferenceScanner Line:84  - Created resource listing Path: /default/帐号相关接口 Description: 帐号相关接口 Position: 0
===2018-04-08 09:35:20.410 INFO  springfox.documentation.spring.web.scanners.ApiListingReferenceScanner Line:84  - Created resource listing Path: /default/产品管理接口 Description: 产品管理接口 Position: 0
===2018-04-08 09:35:20.465 INFO  springfox.documentation.schema.ModelContextKeyGenerator Line:46  - Cache Key Generated: com.fans.farm.net.RestResult<java.lang.Boolean>(true)
===2018-04-08 09:35:20.465 INFO  springfox.documentation.spring.web.caching.CachingAspect Line:79  - Caching aspect applied for cache models with key com.fans.farm.net.RestResult<java.lang.Boolean>(true)
===2018-04-08 09:35:20.475 INFO  springfox.documentation.schema.property.ModelPropertiesKeyGenerator Line:48  - Cache key generated: com.fans.farm.net.RestResult<java.lang.Boolean>(true)
===2018-04-08 09:35:20.475 INFO  springfox.documentation.spring.web.caching.CachingAspect Line:68  - Caching aspect applied for cache modelProperties with key com.fans.farm.net.RestResult<java.lang.Boolean>(true)
===2018-04-08 09:35:20.571 INFO  springfox.documentation.schema.ModelContextKeyGenerator Line:46  - Cache Key Generated: com.fans.farm.net.RestResult<java.lang.Boolean>(true)
===2018-04-08 09:35:20.574 INFO  springfox.documentation.spring.web.caching.CachingAspect Line:79  - Caching aspect applied for cache modelDependencies with key com.fans.farm.net.RestResult<java.lang.Boolean>(true)
===2018-04-08 09:35:20.578 INFO  springfox.documentation.schema.property.ModelPropertiesKeyGenerator Line:48  - Cache key generated: com.fans.farm.net.RestResult<java.lang.Boolean>(true)
===2018-04-08 09:35:20.579 INFO  springfox.documentation.spring.web.caching.CachingAspect Line:68  - Caching aspect applied for cache modelProperties with key com.fans.farm.net.RestResult<java.lang.Boolean>(true)
===2018-04-08 09:35:20.591 INFO  springfox.documentation.schema.ModelContextKeyGenerator Line:46  - Cache Key Generated: com.fans.farm.model.Product(false)
===2018-04-08 09:35:20.591 INFO  springfox.documentation.spring.web.caching.CachingAspect Line:79  - Caching aspect applied for cache models with key com.fans.farm.model.Product(false)
===2018-04-08 09:35:20.592 INFO  springfox.documentation.schema.property.ModelPropertiesKeyGenerator Line:48  - Cache key generated: com.fans.farm.model.Product(false)
===2018-04-08 09:35:20.593 INFO  springfox.documentation.spring.web.caching.CachingAspect Line:68  - Caching aspect applied for cache modelProperties with key com.fans.farm.model.Product(false)
===2018-04-08 09:35:20.602 INFO  springfox.documentation.schema.ModelContextKeyGenerator Line:46  - Cache Key Generated: com.fans.farm.model.Product(false)
===2018-04-08 09:35:20.603 INFO  springfox.documentation.spring.web.caching.CachingAspect Line:79  - Caching aspect applied for cache modelDependencies with key com.fans.farm.model.Product(false)
===2018-04-08 09:35:20.606 INFO  springfox.documentation.schema.property.ModelPropertiesKeyGenerator Line:48  - Cache key generated: com.fans.farm.model.Product(false)
===2018-04-08 09:35:20.607 INFO  springfox.documentation.spring.web.caching.CachingAspect Line:68  - Caching aspect applied for cache modelProperties with key com.fans.farm.model.Product(false)
===2018-04-08 09:35:20.612 INFO  springfox.documentation.spring.web.OperationsKeyGenerator Line:51  - Cache key generated: /api/farm/product/add.com.fans.farm.controller.ProductController.addProduct.DefaultGenericTypeNamingStrategy
===2018-04-08 09:35:20.613 INFO  springfox.documentation.spring.web.caching.CachingAspect Line:68  - Caching aspect applied for cache operations with key /api/farm/product/add.com.fans.farm.controller.ProductController.addProduct.DefaultGenericTypeNamingStrategy
===2018-04-08 09:35:20.650 INFO  springfox.documentation.swagger.web.ClassOrApiAnnotationResourceGrouping Line:100 - Group for method addProduct was 产品管理接口
===2018-04-08 09:35:20.689 INFO  springfox.documentation.swagger.web.ClassOrApiAnnotationResourceGrouping Line:100 - Group for method addProduct was 产品管理接口
===2018-04-08 09:35:20.705 INFO  springfox.documentation.schema.ModelContextKeyGenerator Line:46  - Cache Key Generated: com.fans.farm.net.RestResult<java.lang.Boolean>(true)
===2018-04-08 09:35:20.705 INFO  springfox.documentation.spring.web.caching.CachingAspect Line:79  - Caching aspect applied for cache models with key com.fans.farm.net.RestResult<java.lang.Boolean>(true)
===2018-04-08 09:35:20.706 INFO  springfox.documentation.schema.ModelContextKeyGenerator Line:46  - Cache Key Generated: com.fans.farm.net.RestResult<java.lang.Boolean>(true)
===2018-04-08 09:35:20.707 INFO  springfox.documentation.spring.web.caching.CachingAspect Line:79  - Caching aspect applied for cache modelDependencies with key com.fans.farm.net.RestResult<java.lang.Boolean>(true)
===2018-04-08 09:35:20.708 INFO  springfox.documentation.spring.web.OperationsKeyGenerator Line:51  - Cache key generated: /api/farm/product/delete/{productId}.com.fans.farm.controller.ProductController.deleteProduct.DefaultGenericTypeNamingStrategy
===2018-04-08 09:35:20.708 INFO  springfox.documentation.spring.web.caching.CachingAspect Line:68  - Caching aspect applied for cache operations with key /api/farm/product/delete/{productId}.com.fans.farm.controller.ProductController.deleteProduct.DefaultGenericTypeNamingStrategy
===2018-04-08 09:35:20.711 INFO  springfox.documentation.swagger.web.ClassOrApiAnnotationResourceGrouping Line:100 - Group for method deleteProduct was 产品管理接口
===2018-04-08 09:35:20.714 INFO  springfox.documentation.swagger.web.ClassOrApiAnnotationResourceGrouping Line:100 - Group for method deleteProduct was 产品管理接口
===2018-04-08 09:35:20.717 INFO  springfox.documentation.schema.ModelContextKeyGenerator Line:46  - Cache Key Generated: com.fans.farm.net.RestResult<java.util.List<com.fans.farm.model.Product>>(true)
===2018-04-08 09:35:20.718 INFO  springfox.documentation.spring.web.caching.CachingAspect Line:79  - Caching aspect applied for cache models with key com.fans.farm.net.RestResult<java.util.List<com.fans.farm.model.Product>>(true)
===2018-04-08 09:35:20.718 INFO  springfox.documentation.schema.property.ModelPropertiesKeyGenerator Line:48  - Cache key generated: com.fans.farm.net.RestResult<java.util.List<com.fans.farm.model.Product>>(true)
===2018-04-08 09:35:20.719 INFO  springfox.documentation.spring.web.caching.CachingAspect Line:68  - Caching aspect applied for cache modelProperties with key com.fans.farm.net.RestResult<java.util.List<com.fans.farm.model.Product>>(true)
===2018-04-08 09:35:20.723 INFO  springfox.documentation.schema.ModelContextKeyGenerator Line:46  - Cache Key Generated: com.fans.farm.net.RestResult<java.util.List<com.fans.farm.model.Product>>(true)
===2018-04-08 09:35:20.724 INFO  springfox.documentation.spring.web.caching.CachingAspect Line:79  - Caching aspect applied for cache modelDependencies with key com.fans.farm.net.RestResult<java.util.List<com.fans.farm.model.Product>>(true)
===2018-04-08 09:35:20.725 INFO  springfox.documentation.schema.property.ModelPropertiesKeyGenerator Line:48  - Cache key generated: com.fans.farm.model.Product(true)
===2018-04-08 09:35:20.726 INFO  springfox.documentation.spring.web.caching.CachingAspect Line:68  - Caching aspect applied for cache modelProperties with key com.fans.farm.model.Product(true)
===2018-04-08 09:35:20.730 INFO  springfox.documentation.schema.property.ModelPropertiesKeyGenerator Line:48  - Cache key generated: java.util.List<com.fans.farm.model.Product>(true)
===2018-04-08 09:35:20.731 INFO  springfox.documentation.spring.web.caching.CachingAspect Line:68  - Caching aspect applied for cache modelProperties with key java.util.List<com.fans.farm.model.Product>(true)
===2018-04-08 09:35:20.731 INFO  springfox.documentation.schema.property.ModelPropertiesKeyGenerator Line:48  - Cache key generated: com.fans.farm.net.RestResult<java.util.List<com.fans.farm.model.Product>>(true)
===2018-04-08 09:35:20.732 INFO  springfox.documentation.spring.web.caching.CachingAspect Line:68  - Caching aspect applied for cache modelProperties with key com.fans.farm.net.RestResult<java.util.List<com.fans.farm.model.Product>>(true)
===2018-04-08 09:35:20.733 INFO  springfox.documentation.schema.property.ModelPropertiesKeyGenerator Line:48  - Cache key generated: com.fans.farm.model.Product(true)
===2018-04-08 09:35:20.734 INFO  springfox.documentation.spring.web.caching.CachingAspect Line:68  - Caching aspect applied for cache modelProperties with key com.fans.farm.model.Product(true)
===2018-04-08 09:35:20.737 INFO  springfox.documentation.schema.property.ModelPropertiesKeyGenerator Line:48  - Cache key generated: com.fans.farm.model.Product(true)
===2018-04-08 09:35:20.737 INFO  springfox.documentation.spring.web.caching.CachingAspect Line:68  - Caching aspect applied for cache modelProperties with key com.fans.farm.model.Product(true)
===2018-04-08 09:35:20.738 INFO  springfox.documentation.spring.web.OperationsKeyGenerator Line:51  - Cache key generated: /api/farm/product/list.com.fans.farm.controller.ProductController.getProductList.DefaultGenericTypeNamingStrategy
===2018-04-08 09:35:20.739 INFO  springfox.documentation.spring.web.caching.CachingAspect Line:68  - Caching aspect applied for cache operations with key /api/farm/product/list.com.fans.farm.controller.ProductController.getProductList.DefaultGenericTypeNamingStrategy
===2018-04-08 09:35:20.745 INFO  springfox.documentation.swagger.web.ClassOrApiAnnotationResourceGrouping Line:100 - Group for method getProductList was 产品管理接口
===2018-04-08 09:35:20.747 INFO  springfox.documentation.swagger.web.ClassOrApiAnnotationResourceGrouping Line:100 - Group for method getProductList was 产品管理接口
===2018-04-08 09:35:20.760 INFO  springfox.documentation.schema.ModelContextKeyGenerator Line:46  - Cache Key Generated: com.fans.farm.net.RestResult<java.lang.Boolean>(true)
===2018-04-08 09:35:20.760 INFO  springfox.documentation.spring.web.caching.CachingAspect Line:79  - Caching aspect applied for cache models with key com.fans.farm.net.RestResult<java.lang.Boolean>(true)
===2018-04-08 09:35:20.761 INFO  springfox.documentation.schema.ModelContextKeyGenerator Line:46  - Cache Key Generated: com.fans.farm.net.RestResult<java.lang.Boolean>(true)
===2018-04-08 09:35:20.761 INFO  springfox.documentation.spring.web.caching.CachingAspect Line:79  - Caching aspect applied for cache modelDependencies with key com.fans.farm.net.RestResult<java.lang.Boolean>(true)
===2018-04-08 09:35:20.762 INFO  springfox.documentation.schema.ModelContextKeyGenerator Line:46  - Cache Key Generated: com.fans.farm.net.requestparam.RequestAccount(false)
===2018-04-08 09:35:20.763 INFO  springfox.documentation.spring.web.caching.CachingAspect Line:79  - Caching aspect applied for cache models with key com.fans.farm.net.requestparam.RequestAccount(false)
===2018-04-08 09:35:20.763 INFO  springfox.documentation.schema.property.ModelPropertiesKeyGenerator Line:48  - Cache key generated: com.fans.farm.net.requestparam.RequestAccount(false)
===2018-04-08 09:35:20.764 INFO  springfox.documentation.spring.web.caching.CachingAspect Line:68  - Caching aspect applied for cache modelProperties with key com.fans.farm.net.requestparam.RequestAccount(false)
===2018-04-08 09:35:20.770 INFO  springfox.documentation.schema.ModelContextKeyGenerator Line:46  - Cache Key Generated: com.fans.farm.net.requestparam.RequestAccount(false)
===2018-04-08 09:35:20.770 INFO  springfox.documentation.spring.web.caching.CachingAspect Line:79  - Caching aspect applied for cache modelDependencies with key com.fans.farm.net.requestparam.RequestAccount(false)
===2018-04-08 09:35:20.771 INFO  springfox.documentation.schema.property.ModelPropertiesKeyGenerator Line:48  - Cache key generated: com.fans.farm.net.requestparam.RequestAccount(false)
===2018-04-08 09:35:20.771 INFO  springfox.documentation.spring.web.caching.CachingAspect Line:68  - Caching aspect applied for cache modelProperties with key com.fans.farm.net.requestparam.RequestAccount(false)
===2018-04-08 09:35:20.772 INFO  springfox.documentation.spring.web.OperationsKeyGenerator Line:51  - Cache key generated: /api/farm/account/login.com.fans.farm.controller.AccountController.accountLogin.DefaultGenericTypeNamingStrategy
===2018-04-08 09:35:20.772 INFO  springfox.documentation.spring.web.caching.CachingAspect Line:68  - Caching aspect applied for cache operations with key /api/farm/account/login.com.fans.farm.controller.AccountController.accountLogin.DefaultGenericTypeNamingStrategy
===2018-04-08 09:35:20.777 INFO  springfox.documentation.swagger.web.ClassOrApiAnnotationResourceGrouping Line:100 - Group for method accountLogin was 帐号相关接口
===2018-04-08 09:35:20.779 INFO  springfox.documentation.swagger.web.ClassOrApiAnnotationResourceGrouping Line:100 - Group for method accountLogin was 帐号相关接口
===2018-04-08 09:35:20.782 INFO  springfox.documentation.schema.ModelContextKeyGenerator Line:46  - Cache Key Generated: com.fans.farm.net.RestResult<java.lang.Boolean>(true)
===2018-04-08 09:35:20.783 INFO  springfox.documentation.spring.web.caching.CachingAspect Line:79  - Caching aspect applied for cache models with key com.fans.farm.net.RestResult<java.lang.Boolean>(true)
===2018-04-08 09:35:20.784 INFO  springfox.documentation.schema.ModelContextKeyGenerator Line:46  - Cache Key Generated: com.fans.farm.net.RestResult<java.lang.Boolean>(true)
===2018-04-08 09:35:20.785 INFO  springfox.documentation.spring.web.caching.CachingAspect Line:79  - Caching aspect applied for cache modelDependencies with key com.fans.farm.net.RestResult<java.lang.Boolean>(true)
===2018-04-08 09:35:20.786 INFO  springfox.documentation.schema.ModelContextKeyGenerator Line:46  - Cache Key Generated: com.fans.farm.net.requestparam.RequestAccount(false)
===2018-04-08 09:35:20.787 INFO  springfox.documentation.spring.web.caching.CachingAspect Line:79  - Caching aspect applied for cache models with key com.fans.farm.net.requestparam.RequestAccount(false)
===2018-04-08 09:35:20.788 INFO  springfox.documentation.schema.ModelContextKeyGenerator Line:46  - Cache Key Generated: com.fans.farm.net.requestparam.RequestAccount(false)
===2018-04-08 09:35:20.789 INFO  springfox.documentation.spring.web.caching.CachingAspect Line:79  - Caching aspect applied for cache modelDependencies with key com.fans.farm.net.requestparam.RequestAccount(false)
===2018-04-08 09:35:20.790 INFO  springfox.documentation.spring.web.OperationsKeyGenerator Line:51  - Cache key generated: /api/farm/account/register.com.fans.farm.controller.AccountController.accountRegister.DefaultGenericTypeNamingStrategy
===2018-04-08 09:35:20.790 INFO  springfox.documentation.spring.web.caching.CachingAspect Line:68  - Caching aspect applied for cache operations with key /api/farm/account/register.com.fans.farm.controller.AccountController.accountRegister.DefaultGenericTypeNamingStrategy
===2018-04-08 09:35:20.791 INFO  springfox.documentation.swagger.web.ClassOrApiAnnotationResourceGrouping Line:100 - Group for method accountRegister was 帐号相关接口
===2018-04-08 09:35:20.793 INFO  springfox.documentation.swagger.web.ClassOrApiAnnotationResourceGrouping Line:100 - Group for method accountRegister was 帐号相关接口
===2018-04-08 09:35:20.796 INFO  springfox.documentation.schema.ModelContextKeyGenerator Line:46  - Cache Key Generated: com.fans.farm.net.RestResult<com.fans.farm.model.Account>(true)
===2018-04-08 09:35:20.796 INFO  springfox.documentation.spring.web.caching.CachingAspect Line:79  - Caching aspect applied for cache models with key com.fans.farm.net.RestResult<com.fans.farm.model.Account>(true)
===2018-04-08 09:35:20.797 INFO  springfox.documentation.schema.property.ModelPropertiesKeyGenerator Line:48  - Cache key generated: com.fans.farm.net.RestResult<com.fans.farm.model.Account>(true)
===2018-04-08 09:35:20.797 INFO  springfox.documentation.spring.web.caching.CachingAspect Line:68  - Caching aspect applied for cache modelProperties with key com.fans.farm.net.RestResult<com.fans.farm.model.Account>(true)
===2018-04-08 09:35:20.799 INFO  springfox.documentation.schema.ModelContextKeyGenerator Line:46  - Cache Key Generated: com.fans.farm.net.RestResult<com.fans.farm.model.Account>(true)
===2018-04-08 09:35:20.799 INFO  springfox.documentation.spring.web.caching.CachingAspect Line:79  - Caching aspect applied for cache modelDependencies with key com.fans.farm.net.RestResult<com.fans.farm.model.Account>(true)
===2018-04-08 09:35:20.800 INFO  springfox.documentation.schema.property.ModelPropertiesKeyGenerator Line:48  - Cache key generated: com.fans.farm.model.Account(true)
===2018-04-08 09:35:20.800 INFO  springfox.documentation.spring.web.caching.CachingAspect Line:68  - Caching aspect applied for cache modelProperties with key com.fans.farm.model.Account(true)
===2018-04-08 09:35:20.803 INFO  springfox.documentation.schema.property.ModelPropertiesKeyGenerator Line:48  - Cache key generated: com.fans.farm.net.RestResult<com.fans.farm.model.Account>(true)
===2018-04-08 09:35:20.804 INFO  springfox.documentation.spring.web.caching.CachingAspect Line:68  - Caching aspect applied for cache modelProperties with key com.fans.farm.net.RestResult<com.fans.farm.model.Account>(true)
===2018-04-08 09:35:20.805 INFO  springfox.documentation.schema.property.ModelPropertiesKeyGenerator Line:48  - Cache key generated: com.fans.farm.model.Account(true)
===2018-04-08 09:35:20.805 INFO  springfox.documentation.spring.web.caching.CachingAspect Line:68  - Caching aspect applied for cache modelProperties with key com.fans.farm.model.Account(true)
===2018-04-08 09:35:20.806 INFO  springfox.documentation.schema.property.ModelPropertiesKeyGenerator Line:48  - Cache key generated: com.fans.farm.model.Account(true)
===2018-04-08 09:35:20.806 INFO  springfox.documentation.spring.web.caching.CachingAspect Line:68  - Caching aspect applied for cache modelProperties with key com.fans.farm.model.Account(true)
===2018-04-08 09:35:20.807 INFO  springfox.documentation.spring.web.OperationsKeyGenerator Line:51  - Cache key generated: /api/farm/account/{account}.com.fans.farm.controller.AccountController.findAccount.DefaultGenericTypeNamingStrategy
===2018-04-08 09:35:20.807 INFO  springfox.documentation.spring.web.caching.CachingAspect Line:68  - Caching aspect applied for cache operations with key /api/farm/account/{account}.com.fans.farm.controller.AccountController.findAccount.DefaultGenericTypeNamingStrategy
===2018-04-08 09:35:20.809 INFO  springfox.documentation.swagger.web.ClassOrApiAnnotationResourceGrouping Line:100 - Group for method findAccount was 帐号相关接口
===2018-04-08 09:35:20.810 INFO  springfox.documentation.swagger.web.ClassOrApiAnnotationResourceGrouping Line:100 - Group for method findAccount was 帐号相关接口
===2018-04-08 09:35:20.863 INFO  org.apache.coyote.http11.Http11NioProtocol Line:180 - Starting ProtocolHandler ["http-nio-8888"]
===2018-04-08 09:35:20.903 INFO  org.apache.tomcat.util.net.NioSelectorPool Line:180 - Using a shared selector for servlet write/read
===2018-04-08 09:35:20.955 INFO  com.fans.farm.FarmApplication Line:59  - Started FarmApplication in 11.813 seconds (JVM running for 15.377)
===2018-04-08 09:35:47.349 INFO  org.apache.catalina.core.ContainerBase.[Tomcat].[localhost].[/] Line:180 - Initializing Spring FrameworkServlet 'dispatcherServlet'
===2018-04-08 09:35:47.823 INFO  com.zaxxer.hikari.HikariDataSource Line:110 - HikariPool-1 - Starting...
===2018-04-08 09:35:48.333 INFO  com.zaxxer.hikari.HikariDataSource Line:123 - HikariPool-1 - Start completed.
===2018-04-08 11:41:24.732 INFO  com.zaxxer.hikari.HikariDataSource Line:381 - HikariPool-1 - Shutdown initiated...
===2018-04-08 11:41:24.762 INFO  com.zaxxer.hikari.HikariDataSource Line:383 - HikariPool-1 - Shutdown completed.
===2018-04-08 14:21:55.585 INFO  com.fans.farm.FarmApplication Line:50  - Starting FarmApplication on fanfuqiangdeMacBook-Air.local with PID 28258 (/Users/fanfuqiang/work/ServerProjects/farm/target/classes started by fanfuqiang in /Users/fanfuqiang/work/ServerProjects/farm)
===2018-04-08 14:21:55.600 INFO  com.fans.farm.FarmApplication Line:652 - No active profile set, falling back to default profiles: default
===2018-04-08 14:22:00.563 INFO  org.apache.coyote.http11.Http11NioProtocol Line:180 - Initializing ProtocolHandler ["http-nio-8888"]
===2018-04-08 14:22:00.588 INFO  org.apache.catalina.core.StandardService Line:180 - Starting service [Tomcat]
===2018-04-08 14:22:00.589 INFO  org.apache.catalina.core.StandardEngine Line:180 - Starting Servlet Engine: Apache Tomcat/8.5.28
===2018-04-08 14:22:00.600 INFO  org.apache.catalina.core.AprLifecycleListener Line:180 - The APR based Apache Tomcat Native library which allows optimal performance in production environments was not found on the java.library.path: [/Users/fanfuqiang/Library/Java/Extensions:/Library/Java/Extensions:/Network/Library/Java/Extensions:/System/Library/Java/Extensions:/usr/lib/java:.]
===2018-04-08 14:22:00.869 INFO  org.apache.catalina.core.ContainerBase.[Tomcat].[localhost].[/] Line:180 - Initializing Spring embedded WebApplicationContext
===2018-04-08 14:22:06.177 INFO  springfox.documentation.spring.web.plugins.DocumentationPluginsBootstrapper Line:80  - Context refreshed
===2018-04-08 14:22:06.255 INFO  springfox.documentation.spring.web.plugins.DocumentationPluginsBootstrapper Line:83  - Found {0} custom documentation plugin(s)
===2018-04-08 14:22:06.288 INFO  springfox.documentation.spring.web.scanners.ApiListingReferenceScanner Line:53  - Scanning for api listing references
===2018-04-08 14:22:06.320 INFO  springfox.documentation.swagger.web.ClassOrApiAnnotationResourceGrouping Line:100 - Group for method accountLogin was 帐号相关接口
===2018-04-08 14:22:06.327 INFO  springfox.documentation.spring.web.scanners.ApiListingReferenceScanner Line:72  - Request mapping: accountLogin belongs to groups: [[ResourceGroup{groupName='帐号相关接口', position=0, controller=com.fans.farm.controller.AccountController}]] 
===2018-04-08 14:22:06.328 INFO  springfox.documentation.swagger.web.ClassOrApiAnnotationResourceGrouping Line:100 - Group for method accountRegister was 帐号相关接口
===2018-04-08 14:22:06.329 INFO  springfox.documentation.spring.web.scanners.ApiListingReferenceScanner Line:72  - Request mapping: accountRegister belongs to groups: [[ResourceGroup{groupName='帐号相关接口', position=0, controller=com.fans.farm.controller.AccountController}]] 
===2018-04-08 14:22:06.331 INFO  springfox.documentation.swagger.web.ClassOrApiAnnotationResourceGrouping Line:100 - Group for method findAccount was 帐号相关接口
===2018-04-08 14:22:06.332 INFO  springfox.documentation.spring.web.scanners.ApiListingReferenceScanner Line:72  - Request mapping: findAccount belongs to groups: [[ResourceGroup{groupName='帐号相关接口', position=0, controller=com.fans.farm.controller.AccountController}]] 
===2018-04-08 14:22:06.335 INFO  springfox.documentation.swagger.web.ClassOrApiAnnotationResourceGrouping Line:100 - Group for method addProduct was 产品管理接口
===2018-04-08 14:22:06.336 INFO  springfox.documentation.spring.web.scanners.ApiListingReferenceScanner Line:72  - Request mapping: addProduct belongs to groups: [[ResourceGroup{groupName='产品管理接口', position=0, controller=com.fans.farm.controller.ProductController}]] 
===2018-04-08 14:22:06.337 INFO  springfox.documentation.swagger.web.ClassOrApiAnnotationResourceGrouping Line:100 - Group for method deleteProduct was 产品管理接口
===2018-04-08 14:22:06.338 INFO  springfox.documentation.spring.web.scanners.ApiListingReferenceScanner Line:72  - Request mapping: deleteProduct belongs to groups: [[ResourceGroup{groupName='产品管理接口', position=0, controller=com.fans.farm.controller.ProductController}]] 
===2018-04-08 14:22:06.341 INFO  springfox.documentation.swagger.web.ClassOrApiAnnotationResourceGrouping Line:100 - Group for method getProductList was 产品管理接口
===2018-04-08 14:22:06.341 INFO  springfox.documentation.spring.web.scanners.ApiListingReferenceScanner Line:72  - Request mapping: getProductList belongs to groups: [[ResourceGroup{groupName='产品管理接口', position=0, controller=com.fans.farm.controller.ProductController}]] 
===2018-04-08 14:22:06.355 INFO  springfox.documentation.spring.web.scanners.ApiListingReferenceScanner Line:84  - Created resource listing Path: /default/帐号相关接口 Description: 帐号相关接口 Position: 0
===2018-04-08 14:22:06.357 INFO  springfox.documentation.spring.web.scanners.ApiListingReferenceScanner Line:84  - Created resource listing Path: /default/产品管理接口 Description: 产品管理接口 Position: 0
===2018-04-08 14:22:06.413 INFO  springfox.documentation.schema.ModelContextKeyGenerator Line:46  - Cache Key Generated: com.fans.farm.net.RestResult<java.lang.Boolean>(true)
===2018-04-08 14:22:06.414 INFO  springfox.documentation.spring.web.caching.CachingAspect Line:79  - Caching aspect applied for cache models with key com.fans.farm.net.RestResult<java.lang.Boolean>(true)
===2018-04-08 14:22:06.424 INFO  springfox.documentation.schema.property.ModelPropertiesKeyGenerator Line:48  - Cache key generated: com.fans.farm.net.RestResult<java.lang.Boolean>(true)
===2018-04-08 14:22:06.425 INFO  springfox.documentation.spring.web.caching.CachingAspect Line:68  - Caching aspect applied for cache modelProperties with key com.fans.farm.net.RestResult<java.lang.Boolean>(true)
===2018-04-08 14:22:06.519 INFO  springfox.documentation.schema.ModelContextKeyGenerator Line:46  - Cache Key Generated: com.fans.farm.net.RestResult<java.lang.Boolean>(true)
===2018-04-08 14:22:06.520 INFO  springfox.documentation.spring.web.caching.CachingAspect Line:79  - Caching aspect applied for cache modelDependencies with key com.fans.farm.net.RestResult<java.lang.Boolean>(true)
===2018-04-08 14:22:06.524 INFO  springfox.documentation.schema.property.ModelPropertiesKeyGenerator Line:48  - Cache key generated: com.fans.farm.net.RestResult<java.lang.Boolean>(true)
===2018-04-08 14:22:06.525 INFO  springfox.documentation.spring.web.caching.CachingAspect Line:68  - Caching aspect applied for cache modelProperties with key com.fans.farm.net.RestResult<java.lang.Boolean>(true)
===2018-04-08 14:22:06.530 INFO  springfox.documentation.schema.ModelContextKeyGenerator Line:46  - Cache Key Generated: com.fans.farm.model.Product(false)
===2018-04-08 14:22:06.530 INFO  springfox.documentation.spring.web.caching.CachingAspect Line:79  - Caching aspect applied for cache models with key com.fans.farm.model.Product(false)
===2018-04-08 14:22:06.531 INFO  springfox.documentation.schema.property.ModelPropertiesKeyGenerator Line:48  - Cache key generated: com.fans.farm.model.Product(false)
===2018-04-08 14:22:06.532 INFO  springfox.documentation.spring.web.caching.CachingAspect Line:68  - Caching aspect applied for cache modelProperties with key com.fans.farm.model.Product(false)
===2018-04-08 14:22:06.542 INFO  springfox.documentation.schema.ModelContextKeyGenerator Line:46  - Cache Key Generated: com.fans.farm.model.Product(false)
===2018-04-08 14:22:06.542 INFO  springfox.documentation.spring.web.caching.CachingAspect Line:79  - Caching aspect applied for cache modelDependencies with key com.fans.farm.model.Product(false)
===2018-04-08 14:22:06.543 INFO  springfox.documentation.schema.property.ModelPropertiesKeyGenerator Line:48  - Cache key generated: com.fans.farm.model.Product(false)
===2018-04-08 14:22:06.543 INFO  springfox.documentation.spring.web.caching.CachingAspect Line:68  - Caching aspect applied for cache modelProperties with key com.fans.farm.model.Product(false)
===2018-04-08 14:22:06.547 INFO  springfox.documentation.spring.web.OperationsKeyGenerator Line:51  - Cache key generated: /api/farm/product/add.com.fans.farm.controller.ProductController.addProduct.DefaultGenericTypeNamingStrategy
===2018-04-08 14:22:06.547 INFO  springfox.documentation.spring.web.caching.CachingAspect Line:68  - Caching aspect applied for cache operations with key /api/farm/product/add.com.fans.farm.controller.ProductController.addProduct.DefaultGenericTypeNamingStrategy
===2018-04-08 14:22:06.581 INFO  springfox.documentation.swagger.web.ClassOrApiAnnotationResourceGrouping Line:100 - Group for method addProduct was 产品管理接口
===2018-04-08 14:22:06.625 INFO  springfox.documentation.swagger.web.ClassOrApiAnnotationResourceGrouping Line:100 - Group for method addProduct was 产品管理接口
===2018-04-08 14:22:06.645 INFO  springfox.documentation.schema.ModelContextKeyGenerator Line:46  - Cache Key Generated: com.fans.farm.net.RestResult<java.lang.Boolean>(true)
===2018-04-08 14:22:06.646 INFO  springfox.documentation.spring.web.caching.CachingAspect Line:79  - Caching aspect applied for cache models with key com.fans.farm.net.RestResult<java.lang.Boolean>(true)
===2018-04-08 14:22:06.646 INFO  springfox.documentation.schema.ModelContextKeyGenerator Line:46  - Cache Key Generated: com.fans.farm.net.RestResult<java.lang.Boolean>(true)
===2018-04-08 14:22:06.647 INFO  springfox.documentation.spring.web.caching.CachingAspect Line:79  - Caching aspect applied for cache modelDependencies with key com.fans.farm.net.RestResult<java.lang.Boolean>(true)
===2018-04-08 14:22:06.649 INFO  springfox.documentation.spring.web.OperationsKeyGenerator Line:51  - Cache key generated: /api/farm/product/delete/{productId}.com.fans.farm.controller.ProductController.deleteProduct.DefaultGenericTypeNamingStrategy
===2018-04-08 14:22:06.649 INFO  springfox.documentation.spring.web.caching.CachingAspect Line:68  - Caching aspect applied for cache operations with key /api/farm/product/delete/{productId}.com.fans.farm.controller.ProductController.deleteProduct.DefaultGenericTypeNamingStrategy
===2018-04-08 14:22:06.655 INFO  springfox.documentation.swagger.web.ClassOrApiAnnotationResourceGrouping Line:100 - Group for method deleteProduct was 产品管理接口
===2018-04-08 14:22:06.657 INFO  springfox.documentation.swagger.web.ClassOrApiAnnotationResourceGrouping Line:100 - Group for method deleteProduct was 产品管理接口
===2018-04-08 14:22:06.660 INFO  springfox.documentation.schema.ModelContextKeyGenerator Line:46  - Cache Key Generated: com.fans.farm.net.RestResult<java.util.List<com.fans.farm.model.Product>>(true)
===2018-04-08 14:22:06.660 INFO  springfox.documentation.spring.web.caching.CachingAspect Line:79  - Caching aspect applied for cache models with key com.fans.farm.net.RestResult<java.util.List<com.fans.farm.model.Product>>(true)
===2018-04-08 14:22:06.661 INFO  springfox.documentation.schema.property.ModelPropertiesKeyGenerator Line:48  - Cache key generated: com.fans.farm.net.RestResult<java.util.List<com.fans.farm.model.Product>>(true)
===2018-04-08 14:22:06.661 INFO  springfox.documentation.spring.web.caching.CachingAspect Line:68  - Caching aspect applied for cache modelProperties with key com.fans.farm.net.RestResult<java.util.List<com.fans.farm.model.Product>>(true)
===2018-04-08 14:22:06.664 INFO  springfox.documentation.schema.ModelContextKeyGenerator Line:46  - Cache Key Generated: com.fans.farm.net.RestResult<java.util.List<com.fans.farm.model.Product>>(true)
===2018-04-08 14:22:06.665 INFO  springfox.documentation.spring.web.caching.CachingAspect Line:79  - Caching aspect applied for cache modelDependencies with key com.fans.farm.net.RestResult<java.util.List<com.fans.farm.model.Product>>(true)
===2018-04-08 14:22:06.668 INFO  springfox.documentation.schema.property.ModelPropertiesKeyGenerator Line:48  - Cache key generated: com.fans.farm.model.Product(true)
===2018-04-08 14:22:06.669 INFO  springfox.documentation.spring.web.caching.CachingAspect Line:68  - Caching aspect applied for cache modelProperties with key com.fans.farm.model.Product(true)
===2018-04-08 14:22:06.679 INFO  springfox.documentation.schema.property.ModelPropertiesKeyGenerator Line:48  - Cache key generated: java.util.List<com.fans.farm.model.Product>(true)
===2018-04-08 14:22:06.679 INFO  springfox.documentation.spring.web.caching.CachingAspect Line:68  - Caching aspect applied for cache modelProperties with key java.util.List<com.fans.farm.model.Product>(true)
===2018-04-08 14:22:06.680 INFO  springfox.documentation.schema.property.ModelPropertiesKeyGenerator Line:48  - Cache key generated: com.fans.farm.net.RestResult<java.util.List<com.fans.farm.model.Product>>(true)
===2018-04-08 14:22:06.681 INFO  springfox.documentation.spring.web.caching.CachingAspect Line:68  - Caching aspect applied for cache modelProperties with key com.fans.farm.net.RestResult<java.util.List<com.fans.farm.model.Product>>(true)
===2018-04-08 14:22:06.683 INFO  springfox.documentation.schema.property.ModelPropertiesKeyGenerator Line:48  - Cache key generated: com.fans.farm.model.Product(true)
===2018-04-08 14:22:06.685 INFO  springfox.documentation.spring.web.caching.CachingAspect Line:68  - Caching aspect applied for cache modelProperties with key com.fans.farm.model.Product(true)
===2018-04-08 14:22:06.689 INFO  springfox.documentation.schema.property.ModelPropertiesKeyGenerator Line:48  - Cache key generated: com.fans.farm.model.Product(true)
===2018-04-08 14:22:06.689 INFO  springfox.documentation.spring.web.caching.CachingAspect Line:68  - Caching aspect applied for cache modelProperties with key com.fans.farm.model.Product(true)
===2018-04-08 14:22:06.691 INFO  springfox.documentation.spring.web.OperationsKeyGenerator Line:51  - Cache key generated: /api/farm/product/list.com.fans.farm.controller.ProductController.getProductList.DefaultGenericTypeNamingStrategy
===2018-04-08 14:22:06.691 INFO  springfox.documentation.spring.web.caching.CachingAspect Line:68  - Caching aspect applied for cache operations with key /api/farm/product/list.com.fans.farm.controller.ProductController.getProductList.DefaultGenericTypeNamingStrategy
===2018-04-08 14:22:06.698 INFO  springfox.documentation.swagger.web.ClassOrApiAnnotationResourceGrouping Line:100 - Group for method getProductList was 产品管理接口
===2018-04-08 14:22:06.706 INFO  springfox.documentation.swagger.web.ClassOrApiAnnotationResourceGrouping Line:100 - Group for method getProductList was 产品管理接口
===2018-04-08 14:22:06.728 INFO  springfox.documentation.schema.ModelContextKeyGenerator Line:46  - Cache Key Generated: com.fans.farm.net.RestResult<java.lang.Boolean>(true)
===2018-04-08 14:22:06.729 INFO  springfox.documentation.spring.web.caching.CachingAspect Line:79  - Caching aspect applied for cache models with key com.fans.farm.net.RestResult<java.lang.Boolean>(true)
===2018-04-08 14:22:06.730 INFO  springfox.documentation.schema.ModelContextKeyGenerator Line:46  - Cache Key Generated: com.fans.farm.net.RestResult<java.lang.Boolean>(true)
===2018-04-08 14:22:06.731 INFO  springfox.documentation.spring.web.caching.CachingAspect Line:79  - Caching aspect applied for cache modelDependencies with key com.fans.farm.net.RestResult<java.lang.Boolean>(true)
===2018-04-08 14:22:06.732 INFO  springfox.documentation.schema.ModelContextKeyGenerator Line:46  - Cache Key Generated: com.fans.farm.net.requestparam.RequestAccount(false)
===2018-04-08 14:22:06.733 INFO  springfox.documentation.spring.web.caching.CachingAspect Line:79  - Caching aspect applied for cache models with key com.fans.farm.net.requestparam.RequestAccount(false)
===2018-04-08 14:22:06.734 INFO  springfox.documentation.schema.property.ModelPropertiesKeyGenerator Line:48  - Cache key generated: com.fans.farm.net.requestparam.RequestAccount(false)
===2018-04-08 14:22:06.734 INFO  springfox.documentation.spring.web.caching.CachingAspect Line:68  - Caching aspect applied for cache modelProperties with key com.fans.farm.net.requestparam.RequestAccount(false)
===2018-04-08 14:22:06.741 INFO  springfox.documentation.schema.ModelContextKeyGenerator Line:46  - Cache Key Generated: com.fans.farm.net.requestparam.RequestAccount(false)
===2018-04-08 14:22:06.742 INFO  springfox.documentation.spring.web.caching.CachingAspect Line:79  - Caching aspect applied for cache modelDependencies with key com.fans.farm.net.requestparam.RequestAccount(false)
===2018-04-08 14:22:06.742 INFO  springfox.documentation.schema.property.ModelPropertiesKeyGenerator Line:48  - Cache key generated: com.fans.farm.net.requestparam.RequestAccount(false)
===2018-04-08 14:22:06.742 INFO  springfox.documentation.spring.web.caching.CachingAspect Line:68  - Caching aspect applied for cache modelProperties with key com.fans.farm.net.requestparam.RequestAccount(false)
===2018-04-08 14:22:06.743 INFO  springfox.documentation.spring.web.OperationsKeyGenerator Line:51  - Cache key generated: /api/farm/account/login.com.fans.farm.controller.AccountController.accountLogin.DefaultGenericTypeNamingStrategy
===2018-04-08 14:22:06.743 INFO  springfox.documentation.spring.web.caching.CachingAspect Line:68  - Caching aspect applied for cache operations with key /api/farm/account/login.com.fans.farm.controller.AccountController.accountLogin.DefaultGenericTypeNamingStrategy
===2018-04-08 14:22:06.745 INFO  springfox.documentation.swagger.web.ClassOrApiAnnotationResourceGrouping Line:100 - Group for method accountLogin was 帐号相关接口
===2018-04-08 14:22:06.746 INFO  springfox.documentation.swagger.web.ClassOrApiAnnotationResourceGrouping Line:100 - Group for method accountLogin was 帐号相关接口
===2018-04-08 14:22:06.749 INFO  springfox.documentation.schema.ModelContextKeyGenerator Line:46  - Cache Key Generated: com.fans.farm.net.RestResult<java.lang.Boolean>(true)
===2018-04-08 14:22:06.749 INFO  springfox.documentation.spring.web.caching.CachingAspect Line:79  - Caching aspect applied for cache models with key com.fans.farm.net.RestResult<java.lang.Boolean>(true)
===2018-04-08 14:22:06.750 INFO  springfox.documentation.schema.ModelContextKeyGenerator Line:46  - Cache Key Generated: com.fans.farm.net.RestResult<java.lang.Boolean>(true)
===2018-04-08 14:22:06.750 INFO  springfox.documentation.spring.web.caching.CachingAspect Line:79  - Caching aspect applied for cache modelDependencies with key com.fans.farm.net.RestResult<java.lang.Boolean>(true)
===2018-04-08 14:22:06.750 INFO  springfox.documentation.schema.ModelContextKeyGenerator Line:46  - Cache Key Generated: com.fans.farm.net.requestparam.RequestAccount(false)
===2018-04-08 14:22:06.751 INFO  springfox.documentation.spring.web.caching.CachingAspect Line:79  - Caching aspect applied for cache models with key com.fans.farm.net.requestparam.RequestAccount(false)
===2018-04-08 14:22:06.752 INFO  springfox.documentation.schema.ModelContextKeyGenerator Line:46  - Cache Key Generated: com.fans.farm.net.requestparam.RequestAccount(false)
===2018-04-08 14:22:06.752 INFO  springfox.documentation.spring.web.caching.CachingAspect Line:79  - Caching aspect applied for cache modelDependencies with key com.fans.farm.net.requestparam.RequestAccount(false)
===2018-04-08 14:22:06.753 INFO  springfox.documentation.spring.web.OperationsKeyGenerator Line:51  - Cache key generated: /api/farm/account/register.com.fans.farm.controller.AccountController.accountRegister.DefaultGenericTypeNamingStrategy
===2018-04-08 14:22:06.753 INFO  springfox.documentation.spring.web.caching.CachingAspect Line:68  - Caching aspect applied for cache operations with key /api/farm/account/register.com.fans.farm.controller.AccountController.accountRegister.DefaultGenericTypeNamingStrategy
===2018-04-08 14:22:06.755 INFO  springfox.documentation.swagger.web.ClassOrApiAnnotationResourceGrouping Line:100 - Group for method accountRegister was 帐号相关接口
===2018-04-08 14:22:06.757 INFO  springfox.documentation.swagger.web.ClassOrApiAnnotationResourceGrouping Line:100 - Group for method accountRegister was 帐号相关接口
===2018-04-08 14:22:06.759 INFO  springfox.documentation.schema.ModelContextKeyGenerator Line:46  - Cache Key Generated: com.fans.farm.net.RestResult<com.fans.farm.model.Account>(true)
===2018-04-08 14:22:06.759 INFO  springfox.documentation.spring.web.caching.CachingAspect Line:79  - Caching aspect applied for cache models with key com.fans.farm.net.RestResult<com.fans.farm.model.Account>(true)
===2018-04-08 14:22:06.760 INFO  springfox.documentation.schema.property.ModelPropertiesKeyGenerator Line:48  - Cache key generated: com.fans.farm.net.RestResult<com.fans.farm.model.Account>(true)
===2018-04-08 14:22:06.760 INFO  springfox.documentation.spring.web.caching.CachingAspect Line:68  - Caching aspect applied for cache modelProperties with key com.fans.farm.net.RestResult<com.fans.farm.model.Account>(true)
===2018-04-08 14:22:06.762 INFO  springfox.documentation.schema.ModelContextKeyGenerator Line:46  - Cache Key Generated: com.fans.farm.net.RestResult<com.fans.farm.model.Account>(true)
===2018-04-08 14:22:06.762 INFO  springfox.documentation.spring.web.caching.CachingAspect Line:79  - Caching aspect applied for cache modelDependencies with key com.fans.farm.net.RestResult<com.fans.farm.model.Account>(true)
===2018-04-08 14:22:06.763 INFO  springfox.documentation.schema.property.ModelPropertiesKeyGenerator Line:48  - Cache key generated: com.fans.farm.model.Account(true)
===2018-04-08 14:22:06.763 INFO  springfox.documentation.spring.web.caching.CachingAspect Line:68  - Caching aspect applied for cache modelProperties with key com.fans.farm.model.Account(true)
===2018-04-08 14:22:06.766 INFO  springfox.documentation.schema.property.ModelPropertiesKeyGenerator Line:48  - Cache key generated: com.fans.farm.net.RestResult<com.fans.farm.model.Account>(true)
===2018-04-08 14:22:06.767 INFO  springfox.documentation.spring.web.caching.CachingAspect Line:68  - Caching aspect applied for cache modelProperties with key com.fans.farm.net.RestResult<com.fans.farm.model.Account>(true)
===2018-04-08 14:22:06.768 INFO  springfox.documentation.schema.property.ModelPropertiesKeyGenerator Line:48  - Cache key generated: com.fans.farm.model.Account(true)
===2018-04-08 14:22:06.768 INFO  springfox.documentation.spring.web.caching.CachingAspect Line:68  - Caching aspect applied for cache modelProperties with key com.fans.farm.model.Account(true)
===2018-04-08 14:22:06.769 INFO  springfox.documentation.schema.property.ModelPropertiesKeyGenerator Line:48  - Cache key generated: com.fans.farm.model.Account(true)
===2018-04-08 14:22:06.769 INFO  springfox.documentation.spring.web.caching.CachingAspect Line:68  - Caching aspect applied for cache modelProperties with key com.fans.farm.model.Account(true)
===2018-04-08 14:22:06.770 INFO  springfox.documentation.spring.web.OperationsKeyGenerator Line:51  - Cache key generated: /api/farm/account/{account}.com.fans.farm.controller.AccountController.findAccount.DefaultGenericTypeNamingStrategy
===2018-04-08 14:22:06.770 INFO  springfox.documentation.spring.web.caching.CachingAspect Line:68  - Caching aspect applied for cache operations with key /api/farm/account/{account}.com.fans.farm.controller.AccountController.findAccount.DefaultGenericTypeNamingStrategy
===2018-04-08 14:22:06.773 INFO  springfox.documentation.swagger.web.ClassOrApiAnnotationResourceGrouping Line:100 - Group for method findAccount was 帐号相关接口
===2018-04-08 14:22:06.775 INFO  springfox.documentation.swagger.web.ClassOrApiAnnotationResourceGrouping Line:100 - Group for method findAccount was 帐号相关接口
===2018-04-08 14:22:06.834 INFO  org.apache.coyote.http11.Http11NioProtocol Line:180 - Starting ProtocolHandler ["http-nio-8888"]
===2018-04-08 14:22:06.901 INFO  org.apache.tomcat.util.net.NioSelectorPool Line:180 - Using a shared selector for servlet write/read
===2018-04-08 14:22:06.962 INFO  com.fans.farm.FarmApplication Line:59  - Started FarmApplication in 12.89 seconds (JVM running for 16.114)
===2018-04-08 14:22:56.517 INFO  org.apache.catalina.core.ContainerBase.[Tomcat].[localhost].[/] Line:180 - Initializing Spring FrameworkServlet 'dispatcherServlet'
===2018-04-08 14:30:15.831 INFO  com.zaxxer.hikari.HikariDataSource Line:110 - HikariPool-1 - Starting...
===2018-04-08 14:30:16.421 INFO  com.zaxxer.hikari.HikariDataSource Line:123 - HikariPool-1 - Start completed.
