===2018-04-16 10:36:29.369 WARN  com.zaxxer.hikari.pool.HikariPool Line:756 - HikariPool-1 - Thread starvation or clock leap detected (housekeeper delta=1d14h47m32s325ms).
===2018-04-16 10:36:53.913 WARN  com.zaxxer.hikari.pool.HikariPool Line:748 - HikariPool-1 - Retrograde clock change detected (housekeeper delta=24s575ms), soft-evicting connections from pool.
===2018-04-16 11:06:01.821 WARN  org.springframework.web.servlet.PageNotFound Line:1205 - No mapping found for HTTP request with URI [/api/farm/account/] in DispatcherServlet with name 'dispatcherServlet'
===2018-04-16 11:07:59.968 WARN  org.springframework.web.servlet.PageNotFound Line:1205 - No mapping found for HTTP request with URI [/api/farm/account/] in DispatcherServlet with name 'dispatcherServlet'
===2018-04-16 11:11:23.673 WARN  org.springframework.web.servlet.PageNotFound Line:1205 - No mapping found for HTTP request with URI [/api/farm/account/] in DispatcherServlet with name 'dispatcherServlet'
===2018-04-16 11:24:36.659 WARN  org.springframework.web.servlet.PageNotFound Line:1205 - No mapping found for HTTP request with URI [/api/farm/account/] in DispatcherServlet with name 'dispatcherServlet'
===2018-04-16 11:26:23.655 WARN  org.springframework.web.servlet.PageNotFound Line:1205 - No mapping found for HTTP request with URI [/api/farm/account/] in DispatcherServlet with name 'dispatcherServlet'
===2018-04-16 12:30:46.844 WARN  com.zaxxer.hikari.pool.HikariPool Line:756 - HikariPool-1 - Thread starvation or clock leap detected (housekeeper delta=30m25s725ms).
===2018-04-16 13:04:51.157 WARN  com.zaxxer.hikari.pool.HikariPool Line:756 - HikariPool-1 - Thread starvation or clock leap detected (housekeeper delta=29m4s215ms).
===2018-04-16 13:16:32.809 WARN  com.zaxxer.hikari.pool.HikariPool Line:756 - HikariPool-1 - Thread starvation or clock leap detected (housekeeper delta=11m11s636ms).
===2018-04-16 13:32:52.285 WARN  com.zaxxer.hikari.pool.HikariPool Line:756 - HikariPool-1 - Thread starvation or clock leap detected (housekeeper delta=15m49s465ms).
===2018-04-16 13:36:29.939 WARN  com.zaxxer.hikari.pool.HikariPool Line:756 - HikariPool-1 - Thread starvation or clock leap detected (housekeeper delta=3m7s645ms).
===2018-04-16 13:39:38.588 WARN  com.zaxxer.hikari.pool.HikariPool Line:756 - HikariPool-1 - Thread starvation or clock leap detected (housekeeper delta=3m8s649ms).
===2018-04-16 13:40:04.476 WARN  com.zaxxer.hikari.pool.HikariPool Line:748 - HikariPool-1 - Retrograde clock change detected (housekeeper delta=25s886ms), soft-evicting connections from pool.
===2018-04-16 14:15:02.474 WARN  org.springframework.web.servlet.PageNotFound Line:1205 - No mapping found for HTTP request with URI [/] in DispatcherServlet with name 'dispatcherServlet'
===2018-04-16 14:15:05.358 WARN  org.springframework.web.servlet.PageNotFound Line:1205 - No mapping found for HTTP request with URI [/swagger-ui.html] in DispatcherServlet with name 'dispatcherServlet'
===2018-04-16 14:16:13.816 WARN  org.springframework.web.servlet.PageNotFound Line:1205 - No mapping found for HTTP request with URI [/swagger-ui.html] in DispatcherServlet with name 'dispatcherServlet'
===2018-04-16 14:16:15.441 WARN  org.springframework.web.servlet.PageNotFound Line:1205 - No mapping found for HTTP request with URI [/swagger-ui.html] in DispatcherServlet with name 'dispatcherServlet'
===2018-04-16 14:16:17.089 WARN  org.springframework.web.servlet.PageNotFound Line:1205 - No mapping found for HTTP request with URI [/swagger-ui.html] in DispatcherServlet with name 'dispatcherServlet'
===2018-04-16 14:16:40.207 WARN  org.springframework.web.servlet.PageNotFound Line:1205 - No mapping found for HTTP request with URI [/swagger-ui.html] in DispatcherServlet with name 'dispatcherServlet'
===2018-04-16 14:16:56.790 WARN  org.springframework.web.servlet.PageNotFound Line:1205 - No mapping found for HTTP request with URI [/swagger-ui.html] in DispatcherServlet with name 'dispatcherServlet'
===2018-04-16 14:16:58.377 WARN  org.springframework.web.servlet.PageNotFound Line:1205 - No mapping found for HTTP request with URI [/swagger-ui.html] in DispatcherServlet with name 'dispatcherServlet'
===2018-04-16 14:17:00.160 WARN  org.springframework.web.servlet.PageNotFound Line:1205 - No mapping found for HTTP request with URI [/swagger-ui.html] in DispatcherServlet with name 'dispatcherServlet'
===2018-04-16 14:17:12.484 WARN  org.springframework.web.servlet.PageNotFound Line:1205 - No mapping found for HTTP request with URI [/swagger-ui.html] in DispatcherServlet with name 'dispatcherServlet'
===2018-04-16 14:17:14.501 WARN  org.springframework.web.servlet.PageNotFound Line:1205 - No mapping found for HTTP request with URI [/swagger-ui.html] in DispatcherServlet with name 'dispatcherServlet'
===2018-04-16 14:17:50.574 WARN  org.springframework.web.servlet.PageNotFound Line:1205 - No mapping found for HTTP request with URI [/swagger-ui.html] in DispatcherServlet with name 'dispatcherServlet'
===2018-04-16 14:17:51.985 WARN  org.springframework.web.servlet.PageNotFound Line:1205 - No mapping found for HTTP request with URI [/swagger-ui.html] in DispatcherServlet with name 'dispatcherServlet'
===2018-04-16 14:18:01.207 WARN  org.springframework.web.servlet.PageNotFound Line:1205 - No mapping found for HTTP request with URI [/swagger-ui.html] in DispatcherServlet with name 'dispatcherServlet'
===2018-04-16 14:18:01.949 WARN  org.springframework.web.servlet.PageNotFound Line:1205 - No mapping found for HTTP request with URI [/swagger-ui.html] in DispatcherServlet with name 'dispatcherServlet'
===2018-04-16 14:18:02.132 WARN  org.springframework.web.servlet.PageNotFound Line:1205 - No mapping found for HTTP request with URI [/swagger-ui.html] in DispatcherServlet with name 'dispatcherServlet'
===2018-04-16 14:18:03.037 WARN  org.springframework.web.servlet.PageNotFound Line:1205 - No mapping found for HTTP request with URI [/swagger-ui.html] in DispatcherServlet with name 'dispatcherServlet'
===2018-04-16 14:19:00.307 WARN  org.springframework.web.servlet.PageNotFound Line:1205 - No mapping found for HTTP request with URI [/swagger-ui.html] in DispatcherServlet with name 'dispatcherServlet'
===2018-04-16 14:19:02.104 WARN  org.springframework.web.servlet.PageNotFound Line:1205 - No mapping found for HTTP request with URI [/swagger-ui.html] in DispatcherServlet with name 'dispatcherServlet'
===2018-04-16 14:24:13.866 WARN  org.springframework.web.servlet.PageNotFound Line:1205 - No mapping found for HTTP request with URI [/api/farm/account/] in DispatcherServlet with name 'dispatcherServlet'
===2018-04-16 14:25:13.676 WARN  org.springframework.web.servlet.PageNotFound Line:1205 - No mapping found for HTTP request with URI [/api/farm/account/] in DispatcherServlet with name 'dispatcherServlet'
===2018-04-16 14:39:45.659 WARN  org.springframework.web.servlet.PageNotFound Line:1205 - No mapping found for HTTP request with URI [/api/farm/account/] in DispatcherServlet with name 'dispatcherServlet'
===2018-04-16 14:40:11.736 WARN  org.springframework.web.servlet.PageNotFound Line:1205 - No mapping found for HTTP request with URI [/api/farm/account] in DispatcherServlet with name 'dispatcherServlet'
===2018-04-16 14:42:52.696 WARN  org.springframework.web.servlet.PageNotFound Line:1205 - No mapping found for HTTP request with URI [/api/farm/account] in DispatcherServlet with name 'dispatcherServlet'
===2018-04-16 14:44:40.640 WARN  org.springframework.web.servlet.PageNotFound Line:1205 - No mapping found for HTTP request with URI [/api/farm/account/] in DispatcherServlet with name 'dispatcherServlet'
===2018-04-16 14:45:50.989 WARN  org.springframework.web.servlet.PageNotFound Line:1205 - No mapping found for HTTP request with URI [/api/farm/account] in DispatcherServlet with name 'dispatcherServlet'
===2018-04-16 14:46:05.320 WARN  org.springframework.web.servlet.PageNotFound Line:1205 - No mapping found for HTTP request with URI [/api/farm/account] in DispatcherServlet with name 'dispatcherServlet'
===2018-04-16 17:07:29.050 WARN  org.springframework.web.servlet.PageNotFound Line:1205 - No mapping found for HTTP request with URI [/swagger-ui.html] in DispatcherServlet with name 'dispatcherServlet'
===2018-04-16 17:07:31.328 WARN  org.springframework.web.servlet.PageNotFound Line:1205 - No mapping found for HTTP request with URI [/swagger-ui.html] in DispatcherServlet with name 'dispatcherServlet'
===2018-04-16 17:20:13.799 WARN  org.springframework.web.servlet.PageNotFound Line:1205 - No mapping found for HTTP request with URI [/swagger-ui.html] in DispatcherServlet with name 'dispatcherServlet'
===2018-04-16 17:27:16.206 WARN  org.springframework.web.servlet.PageNotFound Line:1205 - No mapping found for HTTP request with URI [/swagger-ui.html] in DispatcherServlet with name 'dispatcherServlet'
===2018-04-16 17:27:26.478 WARN  org.springframework.web.servlet.PageNotFound Line:1205 - No mapping found for HTTP request with URI [/swagger-ui.html] in DispatcherServlet with name 'dispatcherServlet'
===2018-04-16 17:27:32.968 WARN  org.springframework.web.servlet.PageNotFound Line:1205 - No mapping found for HTTP request with URI [/swagger-ui.html] in DispatcherServlet with name 'dispatcherServlet'
===2018-04-16 17:27:52.187 WARN  org.springframework.web.servlet.PageNotFound Line:1205 - No mapping found for HTTP request with URI [/swagger-ui.html] in DispatcherServlet with name 'dispatcherServlet'
===2018-04-16 17:41:22.246 WARN  org.springframework.web.servlet.PageNotFound Line:1205 - No mapping found for HTTP request with URI [/swagger-ui.html] in DispatcherServlet with name 'dispatcherServlet'
===2018-04-16 17:41:25.124 WARN  org.springframework.web.servlet.PageNotFound Line:1205 - No mapping found for HTTP request with URI [/swagger-ui.html] in DispatcherServlet with name 'dispatcherServlet'
===2018-04-16 17:41:26.300 WARN  org.springframework.web.servlet.PageNotFound Line:1205 - No mapping found for HTTP request with URI [/swagger-ui.html] in DispatcherServlet with name 'dispatcherServlet'
===2018-04-16 17:43:20.659 WARN  org.springframework.web.servlet.PageNotFound Line:1205 - No mapping found for HTTP request with URI [/swagger-ui.html] in DispatcherServlet with name 'dispatcherServlet'
===2018-04-16 17:43:22.490 WARN  org.springframework.web.servlet.PageNotFound Line:1205 - No mapping found for HTTP request with URI [/swagger-ui.html] in DispatcherServlet with name 'dispatcherServlet'
===2018-04-16 17:43:32.365 WARN  org.springframework.web.servlet.PageNotFound Line:1205 - No mapping found for HTTP request with URI [/swagger-ui.html] in DispatcherServlet with name 'dispatcherServlet'
===2018-04-16 17:43:42.577 WARN  org.springframework.web.servlet.PageNotFound Line:1205 - No mapping found for HTTP request with URI [/swagger-ui.html] in DispatcherServlet with name 'dispatcherServlet'
===2018-04-16 17:45:15.255 WARN  org.springframework.web.servlet.PageNotFound Line:1205 - No mapping found for HTTP request with URI [/swagger-ui.html] in DispatcherServlet with name 'dispatcherServlet'
===2018-04-16 17:50:01.008 WARN  org.springframework.web.servlet.PageNotFound Line:1205 - No mapping found for HTTP request with URI [/swagger-ui.html] in DispatcherServlet with name 'dispatcherServlet'
===2018-04-16 17:50:03.429 WARN  org.springframework.web.servlet.PageNotFound Line:1205 - No mapping found for HTTP request with URI [/swagger-ui.html] in DispatcherServlet with name 'dispatcherServlet'
===2018-04-16 17:57:45.378 WARN  org.springframework.web.servlet.PageNotFound Line:1205 - No mapping found for HTTP request with URI [/swagger-ui.html] in DispatcherServlet with name 'dispatcherServlet'
===2018-04-16 18:00:22.138 WARN  org.springframework.boot.context.embedded.AnnotationConfigEmbeddedWebApplicationContext Line:550 - Exception encountered during context initialization - cancelling refresh attempt: org.springframework.beans.factory.UnsatisfiedDependencyException: Error creating bean with name 'webSecurityConfig' defined in file [/Users/fanfuqiang/work/ServerProjects/farm/target/classes/com/fans/farm/configure/WebSecurityConfig.class]: Unsatisfied dependency expressed through constructor parameter 0; nested exception is org.springframework.beans.factory.NoSuchBeanDefinitionException: No qualifying bean of type 'org.springframework.security.core.userdetails.UserDetailsService' available: expected at least 1 bean which qualifies as autowire candidate. Dependency annotations: {}
===2018-04-16 18:00:22.145 WARN  org.springframework.boot.SpringApplication Line:91  - Error handling failed (Error creating bean with name 'delegatingApplicationListener' defined in class path resource [org/springframework/security/config/annotation/web/configuration/WebSecurityConfiguration.class]: BeanPostProcessor before instantiation of bean failed; nested exception is org.springframework.beans.factory.BeanCreationException: Error creating bean with name 'org.springframework.transaction.annotation.ProxyTransactionManagementConfiguration': Initialization of bean failed; nested exception is org.springframework.beans.factory.NoSuchBeanDefinitionException: No bean named 'org.springframework.context.annotation.ConfigurationClassPostProcessor.importRegistry' available)
===2018-04-16 18:03:51.925 WARN  org.springframework.web.servlet.PageNotFound Line:1205 - No mapping found for HTTP request with URI [/swagger-ui.html] in DispatcherServlet with name 'dispatcherServlet'
===2018-04-16 18:04:08.095 WARN  org.springframework.web.servlet.PageNotFound Line:1205 - No mapping found for HTTP request with URI [/swagger-ui.html] in DispatcherServlet with name 'dispatcherServlet'
===2018-04-16 18:06:40.593 WARN  org.springframework.web.servlet.PageNotFound Line:1205 - No mapping found for HTTP request with URI [/images/favicon-32x32.png] in DispatcherServlet with name 'dispatcherServlet'
===2018-04-16 18:06:40.652 WARN  org.springframework.web.servlet.PageNotFound Line:1205 - No mapping found for HTTP request with URI [/images/favicon-16x16.png] in DispatcherServlet with name 'dispatcherServlet'
===2018-04-16 18:30:47.236 WARN  com.zaxxer.hikari.pool.HikariPool Line:756 - HikariPool-1 - Thread starvation or clock leap detected (housekeeper delta=10m3s365ms).
===2018-04-16 18:31:13.194 WARN  com.zaxxer.hikari.pool.HikariPool Line:748 - HikariPool-1 - Retrograde clock change detected (housekeeper delta=25s961ms), soft-evicting connections from pool.
===2018-04-16 19:02:09.762 WARN  com.zaxxer.hikari.pool.HikariPool Line:756 - HikariPool-1 - Thread starvation or clock leap detected (housekeeper delta=30m26s544ms).
===2018-04-16 19:16:08.020 WARN  com.zaxxer.hikari.pool.HikariPool Line:756 - HikariPool-1 - Thread starvation or clock leap detected (housekeeper delta=9m28s167ms).
===2018-04-16 19:28:26.683 WARN  com.zaxxer.hikari.pool.HikariPool Line:756 - HikariPool-1 - Thread starvation or clock leap detected (housekeeper delta=11m48s641ms).
===2018-04-16 19:37:48.329 WARN  com.zaxxer.hikari.pool.HikariPool Line:756 - HikariPool-1 - Thread starvation or clock leap detected (housekeeper delta=8m51s632ms).
===2018-04-16 19:46:50.955 WARN  com.zaxxer.hikari.pool.HikariPool Line:756 - HikariPool-1 - Thread starvation or clock leap detected (housekeeper delta=8m32s619ms).
===2018-04-16 20:07:16.583 WARN  com.zaxxer.hikari.pool.HikariPool Line:756 - HikariPool-1 - Thread starvation or clock leap detected (housekeeper delta=20m25s628ms).
===2018-04-16 20:09:45.606 WARN  com.zaxxer.hikari.pool.HikariPool Line:756 - HikariPool-1 - Thread starvation or clock leap detected (housekeeper delta=1m59s17ms).
===2018-04-16 20:24:09.274 WARN  com.zaxxer.hikari.pool.HikariPool Line:756 - HikariPool-1 - Thread starvation or clock leap detected (housekeeper delta=13m53s656ms).
===2018-04-16 20:32:46.950 WARN  com.zaxxer.hikari.pool.HikariPool Line:756 - HikariPool-1 - Thread starvation or clock leap detected (housekeeper delta=8m7s663ms).
===2018-04-16 20:41:02.587 WARN  com.zaxxer.hikari.pool.HikariPool Line:756 - HikariPool-1 - Thread starvation or clock leap detected (housekeeper delta=8m15s637ms).
===2018-04-16 20:59:22.239 WARN  com.zaxxer.hikari.pool.HikariPool Line:756 - HikariPool-1 - Thread starvation or clock leap detected (housekeeper delta=17m49s639ms).
===2018-04-16 21:14:14.886 WARN  com.zaxxer.hikari.pool.HikariPool Line:756 - HikariPool-1 - Thread starvation or clock leap detected (housekeeper delta=14m22s634ms).
===2018-04-16 21:38:08.721 WARN  com.zaxxer.hikari.pool.HikariPool Line:756 - HikariPool-1 - Thread starvation or clock leap detected (housekeeper delta=23m23s821ms).
===2018-04-16 21:49:44.364 WARN  com.zaxxer.hikari.pool.HikariPool Line:756 - HikariPool-1 - Thread starvation or clock leap detected (housekeeper delta=11m35s643ms).
===2018-04-16 22:16:42.003 WARN  com.zaxxer.hikari.pool.HikariPool Line:756 - HikariPool-1 - Thread starvation or clock leap detected (housekeeper delta=26m27s631ms).
===2018-04-16 22:30:01.670 WARN  com.zaxxer.hikari.pool.HikariPool Line:756 - HikariPool-1 - Thread starvation or clock leap detected (housekeeper delta=12m49s652ms).
===2018-04-16 22:35:43.323 WARN  com.zaxxer.hikari.pool.HikariPool Line:756 - HikariPool-1 - Thread starvation or clock leap detected (housekeeper delta=5m11s640ms).
===2018-04-16 22:41:57.968 WARN  com.zaxxer.hikari.pool.HikariPool Line:756 - HikariPool-1 - Thread starvation or clock leap detected (housekeeper delta=6m14s645ms).
===2018-04-16 22:47:57.629 WARN  com.zaxxer.hikari.pool.HikariPool Line:756 - HikariPool-1 - Thread starvation or clock leap detected (housekeeper delta=5m29s652ms).
===2018-04-16 23:00:43.286 WARN  com.zaxxer.hikari.pool.HikariPool Line:756 - HikariPool-1 - Thread starvation or clock leap detected (housekeeper delta=12m15s650ms).
===2018-04-16 23:21:36.938 WARN  com.zaxxer.hikari.pool.HikariPool Line:756 - HikariPool-1 - Thread starvation or clock leap detected (housekeeper delta=20m23s646ms).
===2018-04-16 23:30:11.576 WARN  com.zaxxer.hikari.pool.HikariPool Line:756 - HikariPool-1 - Thread starvation or clock leap detected (housekeeper delta=8m34s639ms).
===2018-04-16 23:53:59.214 WARN  com.zaxxer.hikari.pool.HikariPool Line:756 - HikariPool-1 - Thread starvation or clock leap detected (housekeeper delta=23m17s626ms).
